TN:
SF:src/auth.ts
FN:10,extractBearerToken
FN:21,extractSessionToken
FN:25,(anonymous_2)
FN:38,validateToken
FN:87,authenticate
FN:110,logTokenUsage
FN:153,requireAuth
FN:198,createSessionCookie
FN:205,createLogoutCookie
FN:212,generateToken
FN:219,createToken
FN:258,deleteToken
FN:269,listTokens
FN:287,getLogs
FN:295,getRecentLogs
FNF:15
FNH:15
FNDA:18,extractBearerToken
FNDA:9,extractSessionToken
FNDA:7,(anonymous_2)
FNDA:8,validateToken
FNDA:12,authenticate
FNDA:2,logTokenUsage
FNDA:4,requireAuth
FNDA:1,createSessionCookie
FNDA:1,createLogoutCookie
FNDA:104,generateToken
FNDA:3,createToken
FNDA:2,deleteToken
FNDA:2,listTokens
FNDA:9,getLogs
FNDA:1,getRecentLogs
DA:4,1
DA:5,1
DA:11,18
DA:12,18
DA:14,12
DA:15,12
DA:22,9
DA:23,9
DA:25,7
DA:26,4
DA:27,6
DA:28,6
DA:29,3
DA:32,1
DA:45,8
DA:46,3
DA:55,5
DA:57,5
DA:58,1
DA:62,4
DA:63,1
DA:67,3
DA:68,3
DA:71,3
DA:72,2
DA:75,3
DA:92,12
DA:93,12
DA:94,7
DA:98,5
DA:99,5
DA:100,1
DA:104,4
DA:116,2
DA:117,2
DA:118,2
DA:121,2
DA:124,2
DA:128,2
DA:131,2
DA:140,2
DA:143,2
DA:158,4
DA:160,4
DA:161,3
DA:163,3
DA:165,2
DA:166,2
DA:167,2
DA:177,1
DA:192,1
DA:199,1
DA:206,1
DA:213,104
DA:226,3
DA:227,3
DA:229,3
DA:230,3
DA:231,3
DA:232,3
DA:233,0
DA:236,3
DA:237,0
DA:240,3
DA:241,3
DA:250,3
DA:252,3
DA:259,2
DA:260,2
DA:262,1
DA:263,1
DA:270,2
DA:271,2
DA:273,2
DA:274,2
DA:275,2
DA:276,2
DA:277,2
DA:281,2
DA:288,9
DA:289,9
DA:296,1
DA:297,1
DA:299,1
DA:300,7
DA:301,7
DA:302,7
DA:303,7
DA:304,1
DA:308,1
LF:90
LH:88
BRDA:12,0,0,6
BRDA:12,0,1,12
BRDA:15,1,0,9
BRDA:15,1,1,3
BRDA:23,2,0,5
BRDA:23,2,1,4
BRDA:28,3,0,3
BRDA:28,3,1,3
BRDA:28,4,0,6
BRDA:28,4,1,3
BRDA:42,5,0,8
BRDA:45,6,0,3
BRDA:45,6,1,5
BRDA:45,7,0,8
BRDA:45,7,1,8
BRDA:57,8,0,1
BRDA:57,8,1,4
BRDA:62,9,0,1
BRDA:62,9,1,3
BRDA:62,10,0,4
BRDA:62,10,1,1
BRDA:71,11,0,2
BRDA:71,11,1,1
BRDA:93,12,0,7
BRDA:93,12,1,5
BRDA:99,13,0,1
BRDA:99,13,1,4
BRDA:121,14,0,2
BRDA:121,14,1,2
BRDA:124,15,0,2
BRDA:124,15,1,2
BRDA:124,15,2,2
BRDA:156,16,0,4
BRDA:160,17,0,3
BRDA:160,17,1,1
BRDA:161,18,0,3
BRDA:163,19,0,2
BRDA:163,19,1,1
BRDA:166,20,0,2
BRDA:166,20,1,1
BRDA:222,21,0,3
BRDA:232,22,0,3
BRDA:232,22,1,0
BRDA:236,23,0,0
BRDA:236,23,1,3
BRDA:244,24,0,1
BRDA:244,24,1,2
BRDA:260,25,0,1
BRDA:260,25,1,1
BRDA:276,26,0,2
BRDA:276,26,1,0
BRDA:289,27,0,9
BRDA:289,27,1,7
BRDA:303,28,0,1
BRDA:303,28,1,6
BRF:55
BRH:52
end_of_record
TN:
SF:src/config-store.ts
FN:34,getConfigValue
FN:44,setConfigValue
FN:55,deleteConfigValue
FN:65,getConfig
FN:104,setConfig
FN:142,validateConfig
FN:159,initializeConfig
FN:200,getRawConfig
FNF:8
FNH:8
FNDA:2,getConfigValue
FNDA:1,setConfigValue
FNDA:1,deleteConfigValue
FNDA:7,getConfig
FNDA:3,setConfig
FNDA:3,validateConfig
FNDA:3,initializeConfig
FNDA:2,getRawConfig
DA:6,1
DA:21,1
DA:38,2
DA:49,1
DA:59,1
DA:76,7
DA:88,7
DA:105,3
DA:107,3
DA:108,1
DA:110,3
DA:111,3
DA:113,3
DA:114,1
DA:116,3
DA:117,0
DA:119,3
DA:120,0
DA:122,3
DA:123,1
DA:125,3
DA:126,1
DA:128,3
DA:129,1
DA:131,3
DA:132,0
DA:135,3
DA:143,3
DA:144,3
DA:146,3
DA:147,1
DA:149,3
DA:150,1
DA:153,3
DA:163,3
DA:164,3
DA:166,3
DA:178,3
DA:179,27
DA:180,27
DA:182,4
DA:183,4
DA:184,1
DA:185,1
DA:188,3
DA:190,27
DA:191,3
DA:194,3
DA:201,2
DA:203,2
DA:204,18
DA:207,2
LF:52
LH:49
BRDA:89,0,0,7
BRDA:89,0,1,4
BRDA:91,1,0,7
BRDA:91,1,1,4
BRDA:92,2,0,7
BRDA:92,2,1,6
BRDA:93,3,0,7
BRDA:93,3,1,6
BRDA:94,4,0,1
BRDA:94,4,1,6
BRDA:97,5,0,7
BRDA:97,5,1,6
BRDA:107,6,0,1
BRDA:107,6,1,2
BRDA:110,7,0,3
BRDA:110,7,1,0
BRDA:113,8,0,1
BRDA:113,8,1,2
BRDA:116,9,0,0
BRDA:116,9,1,3
BRDA:119,10,0,0
BRDA:119,10,1,3
BRDA:122,11,0,1
BRDA:122,11,1,2
BRDA:125,12,0,1
BRDA:125,12,1,2
BRDA:128,13,0,1
BRDA:128,13,1,2
BRDA:131,14,0,0
BRDA:131,14,1,3
BRDA:146,15,0,1
BRDA:146,15,1,2
BRDA:149,16,0,1
BRDA:149,16,1,2
BRDA:180,17,0,23
BRDA:180,17,1,4
BRDA:183,18,0,1
BRDA:183,18,1,3
BRDA:188,19,0,1
BRDA:188,19,1,2
BRDA:189,20,0,1
BRDA:189,20,1,1
BRF:42
BRH:38
end_of_record
TN:
SF:src/email.ts
FN:16,parseEmailAddresses
FN:19,(anonymous_1)
FN:20,(anonymous_2)
FN:26,sendViaResend
FN:81,sendInternalNotification
FN:101,sendNoTasksNotification
FNF:6
FNH:6
FNDA:10,parseEmailAddresses
FNDA:11,(anonymous_1)
FNDA:11,(anonymous_2)
FNDA:12,sendViaResend
FNDA:9,sendInternalNotification
FNDA:5,sendNoTasksNotification
DA:11,1
DA:17,10
DA:19,11
DA:20,11
DA:33,12
DA:34,1
DA:36,11
DA:37,1
DA:40,10
DA:42,10
DA:43,0
DA:46,10
DA:54,10
DA:55,10
DA:56,10
DA:58,10
DA:67,10
DA:68,1
DA:69,1
DA:74,9
DA:75,9
DA:87,9
DA:88,1
DA:91,8
DA:92,8
DA:93,8
DA:95,8
DA:107,5
DA:108,1
DA:111,4
DA:112,4
DA:113,4
DA:115,4
LF:33
LH:32
BRDA:33,0,0,1
BRDA:33,0,1,11
BRDA:36,1,0,1
BRDA:36,1,1,10
BRDA:42,2,0,0
BRDA:42,2,1,10
BRDA:67,3,0,1
BRDA:67,3,1,9
BRDA:87,4,0,1
BRDA:87,4,1,8
BRDA:107,5,0,1
BRDA:107,5,1,4
BRF:12
BRH:11
end_of_record
TN:
SF:src/jira.ts
FN:14,createAuthHeader
FN:23,fetchSubtasks
FN:63,fetchParentIssue
FN:98,isToday
FN:119,formatDateJapanese
FN:133,isDoneStatus
FN:142,findTodayCompletedSubtasks
FN:167,(anonymous_7)
FN:198,(anonymous_8)
FN:207,calculateProgress
FN:230,generateParentTaskReport
FN:271,getTodayDateJapanese
FN:317,getSubtasksDebugInfo
FN:383,(anonymous_13)
FN:404,(anonymous_14)
FN:405,(anonymous_15)
FN:428,getIncompleteTasksReport
FNF:17
FNH:13
FNDA:32,createAuthHeader
FNDA:16,fetchSubtasks
FNDA:16,fetchParentIssue
FNDA:10,isToday
FNDA:8,formatDateJapanese
FNDA:52,isDoneStatus
FNDA:6,findTodayCompletedSubtasks
FNDA:0,(anonymous_7)
FNDA:0,(anonymous_8)
FNDA:8,calculateProgress
FNDA:7,generateParentTaskReport
FNDA:5,getTodayDateJapanese
FNDA:3,getSubtasksDebugInfo
FNDA:0,(anonymous_13)
FNDA:2,(anonymous_14)
FNDA:0,(anonymous_15)
FNDA:6,getIncompleteTasksReport
DA:15,32
DA:16,32
DA:27,16
DA:28,16
DA:29,16
DA:31,16
DA:39,16
DA:40,1
DA:41,1
DA:46,15
DA:49,15
DA:50,0
DA:52,15
DA:53,15
DA:56,0
DA:57,0
DA:67,16
DA:69,16
DA:77,16
DA:78,1
DA:79,1
DA:84,15
DA:88,15
DA:89,0
DA:92,15
DA:99,10
DA:100,10
DA:103,10
DA:110,10
DA:111,10
DA:113,10
DA:120,8
DA:134,52
DA:135,52
DA:146,6
DA:148,6
DA:151,12
DA:152,12
DA:153,5
DA:156,7
DA:157,7
DA:158,0
DA:163,7
DA:166,7
DA:167,0
DA:170,7
DA:171,7
DA:172,7
DA:173,7
DA:175,7
DA:178,5
DA:185,7
DA:186,5
DA:197,6
DA:198,0
DA:201,6
DA:212,8
DA:213,8
DA:215,8
DA:216,15
DA:217,15
DA:218,9
DA:222,8
DA:224,8
DA:234,7
DA:237,7
DA:242,6
DA:245,6
DA:246,6
DA:251,6
DA:252,1
DA:256,5
DA:258,5
DA:272,5
DA:322,3
DA:328,3
DA:329,3
DA:330,3
DA:331,3
DA:334,3
DA:335,3
DA:338,3
DA:339,3
DA:342,3
DA:343,3
DA:345,3
DA:346,5
DA:347,5
DA:348,5
DA:349,5
DA:352,5
DA:353,5
DA:354,3
DA:355,3
DA:356,3
DA:357,3
DA:358,3
DA:360,3
DA:369,3
DA:370,3
DA:380,5
DA:383,5
DA:384,0
DA:387,5
DA:396,5
DA:398,5
DA:399,3
DA:404,3
DA:405,3
DA:408,3
DA:410,3
DA:432,6
DA:435,6
DA:440,6
DA:443,6
DA:444,6
DA:446,6
DA:447,10
DA:448,10
DA:450,10
DA:451,5
DA:453,5
DA:464,6
DA:465,6
DA:469,6
DA:471,6
LF:126
LH:118
BRDA:39,0,0,1
BRDA:39,0,1,15
BRDA:49,1,0,0
BRDA:49,1,1,15
BRDA:52,2,0,15
BRDA:52,2,1,0
BRDA:52,3,0,15
BRDA:52,3,1,15
BRDA:77,4,0,1
BRDA:77,4,1,15
BRDA:88,5,0,0
BRDA:88,5,1,15
BRDA:88,6,0,15
BRDA:88,6,1,0
BRDA:88,6,2,0
BRDA:135,7,0,52
BRDA:135,7,1,18
BRDA:135,7,2,18
BRDA:151,8,0,12
BRDA:151,8,1,0
BRDA:152,9,0,5
BRDA:152,9,1,7
BRDA:157,10,0,0
BRDA:157,10,1,7
BRDA:157,11,0,7
BRDA:157,11,1,7
BRDA:172,12,0,7
BRDA:172,12,1,0
BRDA:173,13,0,7
BRDA:173,13,1,0
BRDA:175,14,0,5
BRDA:175,14,1,2
BRDA:175,15,0,7
BRDA:175,15,1,7
BRDA:185,16,0,5
BRDA:185,16,1,2
BRDA:188,17,0,5
BRDA:188,17,1,0
BRDA:189,18,0,5
BRDA:189,18,1,0
BRDA:216,19,0,15
BRDA:216,19,1,0
BRDA:217,20,0,9
BRDA:217,20,1,6
BRDA:222,21,0,8
BRDA:222,21,1,0
BRDA:251,22,0,1
BRDA:251,22,1,5
BRDA:330,23,0,3
BRDA:330,23,1,0
BRDA:338,24,0,3
BRDA:338,24,1,0
BRDA:339,25,0,3
BRDA:339,25,1,0
BRDA:347,26,0,5
BRDA:347,26,1,0
BRDA:352,27,0,5
BRDA:352,27,1,0
BRDA:355,28,0,3
BRDA:355,28,1,0
BRDA:358,29,0,3
BRDA:358,29,1,0
BRDA:369,30,0,3
BRDA:369,30,1,0
BRDA:369,31,0,3
BRDA:369,31,1,3
BRDA:380,32,0,5
BRDA:380,32,1,3
BRDA:388,33,0,5
BRDA:388,33,1,0
BRDA:389,34,0,5
BRDA:389,34,1,0
BRDA:390,35,0,5
BRDA:390,35,1,0
BRDA:391,36,0,5
BRDA:391,36,1,0
BRDA:392,37,0,5
BRDA:392,37,1,0
BRDA:398,38,0,3
BRDA:398,38,1,2
BRDA:447,39,0,10
BRDA:447,39,1,0
BRDA:448,40,0,10
BRDA:448,40,1,0
BRDA:450,41,0,5
BRDA:450,41,1,5
BRDA:455,42,0,5
BRDA:455,42,1,0
BRDA:456,43,0,5
BRDA:456,43,1,1
BRDA:459,44,0,5
BRDA:459,44,1,0
BRDA:465,45,0,5
BRDA:465,45,1,1
BRDA:473,46,0,6
BRDA:473,46,1,0
BRF:96
BRH:65
end_of_record
TN:
SF:src/slack.ts
FN:20,getStatusPriority
FN:27,formatCurrentDateTimeJapanese
FN:42,buildIncompleteTasksMessage
FN:50,(anonymous_3)
FN:64,buildAllCompletedMessage
FN:103,buildIncompleteMessage
FN:129,(anonymous_6)
FN:141,(anonymous_7)
FN:160,sendSlackMessage
FN:192,sendIncompleteTasksNotification
FNF:10
FNH:10
FNDA:22,getStatusPriority
FNDA:12,formatCurrentDateTimeJapanese
FNDA:12,buildIncompleteTasksMessage
FNDA:13,(anonymous_3)
FNDA:1,buildAllCompletedMessage
FNDA:11,buildIncompleteMessage
FNDA:11,(anonymous_6)
FNDA:12,(anonymous_7)
FNDA:7,sendSlackMessage
FNDA:3,sendIncompleteTasksNotification
DA:6,1
DA:21,22
DA:28,12
DA:29,12
DA:47,12
DA:50,13
DA:52,12
DA:54,1
DA:58,11
DA:68,1
DA:78,1
DA:79,1
DA:80,1
DA:81,1
DA:82,1
DA:83,1
DA:86,1
DA:108,11
DA:118,11
DA:119,12
DA:121,12
DA:122,12
DA:123,12
DA:124,12
DA:125,12
DA:128,12
DA:129,11
DA:132,12
DA:133,23
DA:134,23
DA:135,23
DA:136,23
DA:137,23
DA:141,12
DA:143,11
DA:164,7
DA:165,1
DA:168,6
DA:169,6
DA:177,4
DA:178,1
DA:179,1
DA:182,3
DA:184,2
DA:185,2
DA:196,3
DA:202,3
DA:204,3
LF:48
LH:48
BRDA:21,0,0,22
BRDA:21,0,1,0
BRDA:52,1,0,1
BRDA:52,1,1,11
BRDA:164,2,0,1
BRDA:164,2,1,6
BRDA:177,3,0,1
BRDA:177,3,1,3
BRDA:184,4,0,2
BRDA:184,4,1,0
BRF:10
BRH:8
end_of_record
TN:
SF:src/storage.ts
FN:7,generateToken
FN:14,storeReport
FN:50,getReport
FN:79,deleteReport
FN:91,createMockReport
FN:96,(anonymous_5)
FNF:6
FNH:6
FNDA:7,generateToken
FNDA:7,storeReport
FNDA:5,getReport
FNDA:2,deleteReport
FNDA:6,createMockReport
FNDA:12,(anonymous_5)
DA:8,7
DA:19,7
DA:20,7
DA:21,7
DA:22,7
DA:24,7
DA:36,7
DA:42,7
DA:44,7
DA:54,5
DA:56,5
DA:57,2
DA:60,3
DA:61,3
DA:64,3
DA:65,1
DA:66,1
DA:69,1
DA:71,1
DA:72,1
DA:83,2
DA:84,2
DA:92,6
DA:93,6
DA:96,6
DA:97,12
DA:98,12
DA:108,6
DA:143,6
LF:29
LH:29
BRDA:30,0,0,7
BRDA:30,0,1,1
BRDA:56,1,0,2
BRDA:56,1,1,3
BRDA:64,2,0,1
BRDA:64,2,1,2
BRDA:149,3,0,6
BRDA:149,3,1,0
BRF:8
BRH:7
end_of_record
TN:
SF:src/template.ts
FN:6,generateSubject
FN:7,(anonymous_1)
FN:14,generateParentSection
FN:46,generateEmailBody
FN:69,generateEmailBodyHtml
FN:262,generateInternalNotificationSubject
FN:269,generateInternalNotificationBody
FN:274,(anonymous_7)
FN:307,generateInternalNotificationBodyHtml
FN:312,(anonymous_9)
FN:430,generateNoTasksNotificationSubject
FN:437,generateNoTasksNotificationBody
FN:461,generateNoTasksNotificationBodyHtml
FNF:13
FNH:13
FNDA:15,generateSubject
FNDA:16,(anonymous_1)
FNDA:20,generateParentSection
FNDA:20,generateEmailBody
FNDA:4,generateEmailBodyHtml
FNDA:9,generateInternalNotificationSubject
FNDA:12,generateInternalNotificationBody
FNDA:12,(anonymous_7)
FNDA:12,generateInternalNotificationBodyHtml
FNDA:12,(anonymous_9)
FNDA:5,generateNoTasksNotificationSubject
FNDA:7,generateNoTasksNotificationBody
FNDA:8,generateNoTasksNotificationBodyHtml
DA:7,16
DA:8,15
DA:15,20
DA:16,20
DA:18,20
DA:25,20
DA:26,33
DA:33,20
DA:40,20
DA:47,20
DA:52,20
DA:53,20
DA:56,20
DA:62,20
DA:70,4
DA:206,4
DA:207,4
DA:209,4
DA:215,4
DA:216,8
DA:227,4
DA:247,4
DA:256,4
DA:263,9
DA:273,12
DA:274,12
DA:275,12
DA:277,12
DA:311,12
DA:312,12
DA:315,12
DA:316,12
DA:317,12
DA:322,12
DA:323,16
DA:333,12
DA:339,12
DA:431,5
DA:441,7
DA:445,7
DA:465,8
DA:469,8
LF:42
LH:42
BRDA:441,0,0,6
BRDA:441,0,1,1
BRDA:465,1,0,7
BRDA:465,1,1,1
BRF:4
BRH:4
end_of_record
